0 info it worked if it ends with ok
1 verbose cli [ '/usr/local/bin/node', '/usr/local/bin/npm', 'start' ]
2 info using npm@3.8.9
3 info using node@v5.10.1
4 verbose run-script [ 'prestart', 'start', 'poststart' ]
5 info lifecycle wunderkammer@0.1.0~prestart: wunderkammer@0.1.0
6 silly lifecycle wunderkammer@0.1.0~prestart: no script for prestart, continuing
7 info lifecycle wunderkammer@0.1.0~start: wunderkammer@0.1.0
8 verbose lifecycle wunderkammer@0.1.0~start: unsafe-perm in lifecycle true
9 verbose lifecycle wunderkammer@0.1.0~start: PATH: /usr/local/lib/node_modules/npm/bin/node-gyp-bin:/Users/anthon/aDEV/SITES/SilkMemory/node_modules/.bin:/usr/local/bin:/Users/anthon/bin/Sencha/Cmd/:/Users/anthon/Library/Android/sdk/platform-tools:/usr/local/bin:/usr/bin:/bin:/usr/sbin:/sbin:/opt/software/android-sdk/tools:/opt/software/android-sdk/platform-tools:/Applications/Postgres.app/Contents/Versions/9.4/bin
10 verbose lifecycle wunderkammer@0.1.0~start: CWD: /Users/anthon/aDEV/SITES/SilkMemory
11 silly lifecycle wunderkammer@0.1.0~start: Args: [ '-c', 'NODE_ENV=development brunch watch -s' ]
12 silly lifecycle wunderkammer@0.1.0~start: Returned: code: 1  signal: null
13 info lifecycle wunderkammer@0.1.0~start: Failed to exec start script
14 verbose stack Error: wunderkammer@0.1.0 start: `NODE_ENV=development brunch watch -s`
14 verbose stack Exit status 1
14 verbose stack     at EventEmitter.<anonymous> (/usr/local/lib/node_modules/npm/lib/utils/lifecycle.js:245:16)
14 verbose stack     at emitTwo (events.js:100:13)
14 verbose stack     at EventEmitter.emit (events.js:185:7)
14 verbose stack     at ChildProcess.<anonymous> (/usr/local/lib/node_modules/npm/lib/utils/spawn.js:24:14)
14 verbose stack     at emitTwo (events.js:100:13)
14 verbose stack     at ChildProcess.emit (events.js:185:7)
14 verbose stack     at maybeClose (internal/child_process.js:850:16)
14 verbose stack     at Process.ChildProcess._handle.onexit (internal/child_process.js:215:5)
15 verbose pkgid wunderkammer@0.1.0
16 verbose cwd /Users/anthon/aDEV/SITES/SilkMemory
17 error Darwin 14.5.0
18 error argv "/usr/local/bin/node" "/usr/local/bin/npm" "start"
19 error node v5.10.1
20 error npm  v3.8.9
21 error code ELIFECYCLE
22 error wunderkammer@0.1.0 start: `NODE_ENV=development brunch watch -s`
22 error Exit status 1
23 error Failed at the wunderkammer@0.1.0 start script 'NODE_ENV=development brunch watch -s'.
23 error Make sure you have the latest version of node.js and npm installed.
23 error If you do, this is most likely a problem with the wunderkammer package,
23 error not with npm itself.
23 error Tell the author that this fails on your system:
23 error     NODE_ENV=development brunch watch -s
23 error You can get information on how to open an issue for this project with:
23 error     npm bugs wunderkammer
23 error Or if that isn't available, you can get their info via:
23 error     npm owner ls wunderkammer
23 error There is likely additional logging output above.
24 verbose exit [ 1, true ]
